<?xml version="1.0" encoding="UTF-8"?><testsuite errors="1" failures="0" name="Academy Choucair" skipped="0" tests="1" time="24.41" timestamp="2021-07-16 04:09:02"><testcase name="Search for a automation course"><error message="Arity mismatch: Step Definition 'co.com.choucair.certification.jhonescudero.stepdefinitions.ChoucairAcademyStepDefinitions.heFindsTheCourseCalledResourcesFoundationExpress() in file:/C:/Users/Jhon%20Escudero/IdeaProjects/co.com.choucair.certification.jhonescudero/build/classes/java/test/' with pattern [^he finds the course called resources (.*)$] is declared with 0 parameters. However, the gherkin step has 1 arguments [Foundation Express]. &#10;Step text: he finds the course called resources Foundation Express" type="cucumber.runtime.CucumberException">Arity mismatch: Step Definition 'co.com.choucair.certification.jhonescudero.stepdefinitions.ChoucairAcademyStepDefinitions.heFindsTheCourseCalledResourcesFoundationExpress() in file:/C:/Users/Jhon%20Escudero/IdeaProjects/co.com.choucair.certification.jhonescudero/build/classes/java/test/' with pattern [^he finds the course called resources (.*)$] is declared with 0 parameters. However, the gherkin step has 1 arguments [Foundation Express]. 
Step text: he finds the course called resources Foundation Express</error><system-err>Arity mismatch: Step Definition 'co.com.choucair.certification.jhonescudero.stepdefinitions.ChoucairAcademyStepDefinitions.heFindsTheCourseCalledResourcesFoundationExpress() in file:/C:/Users/Jhon%20Escudero/IdeaProjects/co.com.choucair.certification.jhonescudero/build/classes/java/test/' with pattern [^he finds the course called resources (.*)$] is declared with 0 parameters. However, the gherkin step has 1 arguments [Foundation Express]. 
Step text: he finds the course called resources Foundation Express&#13;
cucumber.runner.Runner.runPickle(Runner.java:80)&#13;
</system-err></testcase></testsuite>